Fri Aug 30 21:34:58 BRT 2019 - Houve um cálculo de salário fixo
Fri Aug 30 21:38:40 BRT 2019 - Houve um cálculo de salário fixo
Fri Aug 30 21:38:40 BRT 2019 - Houve um cálculo de férias
Fri Aug 30 21:38:40 BRT 2019 - Houve um cálculo de salário por hora.
Fri Aug 30 21:38:40 BRT 2019 - Houve um cálculo de férias
Fri Aug 30 21:38:40 BRT 2019 - Houve uma tentativa de cáculo para funcionário sem salário.
Fri Aug 30 21:38:40 BRT 2019 - Houve uma tentativa de cáculo para funcionário sem férias.
Fri Aug 30 21:38:40 BRT 2019 - Houve um cálculo de salário por comissão.
Fri Aug 30 21:38:40 BRT 2019 - Houve um cálculo de férias
Fri Aug 30 21:38:40 BRT 2019 - Houve um cálculo de salário por hora.
Fri Aug 30 21:38:40 BRT 2019 - Houve uma tentativa de cáculo para funcionário sem férias.
Fri Aug 30 21:42:19 BRT 2019 - Houve um cálculo de salário fixo
Fri Aug 30 21:42:19 BRT 2019 - Houve um cálculo de férias
Fri Aug 30 21:42:19 BRT 2019 - Houve um cálculo de salário por hora.
Fri Aug 30 21:42:19 BRT 2019 - Houve um cálculo de férias
Fri Aug 30 21:42:19 BRT 2019 - Houve uma tentativa de cáculo para funcionário sem salário.
Fri Aug 30 21:42:19 BRT 2019 - Houve uma tentativa de cáculo para funcionário sem férias.
Fri Aug 30 21:42:19 BRT 2019 - Houve um cálculo de salário por comissão.
Fri Aug 30 21:42:19 BRT 2019 - Houve um cálculo de férias
Fri Aug 30 21:42:19 BRT 2019 - Houve um cálculo de salário por hora.
Fri Aug 30 21:42:19 BRT 2019 - Houve uma tentativa de cáculo para funcionário sem férias.
Fri Sep 06 21:14:45 BRT 2019 - Houve um cálculo de salário por hora.
Fri Sep 06 21:14:45 BRT 2019 - Houve um cálculo de férias
Fri Sep 06 21:14:45 BRT 2019 - Houve um cálculo de salário fixo
Fri Sep 06 21:14:45 BRT 2019 - Houve um cálculo de férias
Fri Sep 06 21:14:45 BRT 2019 - Houve um cálculo de salário por comissão.
Fri Sep 06 21:14:45 BRT 2019 - Houve um cálculo de férias
Fri Sep 06 21:14:45 BRT 2019 - Houve uma tentativa de cáculo para funcionário sem salário.
Fri Sep 06 21:14:45 BRT 2019 - Houve uma tentativa de cáculo para funcionário sem férias.
Fri Sep 06 21:14:45 BRT 2019 - Houve um cálculo de salário por hora.
Fri Sep 06 21:14:45 BRT 2019 - Houve uma tentativa de cáculo para funcionário sem férias.
